<?xml version="1.0" encoding="UTF-8"?><testsuite errors="1" failures="0" name="Usuario puede crear una Reunion en la pagina StarSharp" skipped="0" tests="2" time="37.48" timestamp="2021-11-24 12:02:34"><testcase name="Se crea una reunion de forma correcta"/><testcase name="Verifica el mensaje de error cuando no se ingresa valor en el nombre de la reunion"><error type="java.lang.NullPointerException"/><system-err>null&#13;
tasks.CrearReunion.performAs(CrearReunion.java:28)&#13;
co.com.choucair.pruebaTecnica06.runners.stepdefinitions.TestStepDefinitions.seCreaUnaNuevaUnidadYSeSeAsignaAUnaNuevaReunion(TestStepDefinitions.java:36)&#13;
✽.se crea una nueva unidad y se se asigna a una nueva reunion(src/test/resources/features/starsharp.feature:24)&#13;
</system-err></testcase></testsuite>