<?xml version="1.0" encoding="UTF-8"?>
<testsuite name="co.com.choucair.certification.pruebaTecnica.runners.RunnerTags" tests="1" skipped="0" failures="0" errors="0" timestamp="2021-11-18T16:43:18" hostname="DESKTOP-G36O3SR" time="52.816">
  <properties/>
  <testcase name="testRunner" classname="co.com.choucair.certification.pruebaTecnica.runners.RunnerTags" time="52.816"/>
  <system-out><![CDATA[REGISTER BASE STEP LISTENER net.thucydides.core.steps.BaseStepListener@699627ea

1 Scenarios (?[32m1 passed?[0m)
3 Steps (?[32m3 passed?[0m)
0m48.668s

]]></system-out>
  <system-err><![CDATA[[Test worker] INFO io.github.bonigarcia.wdm.WebDriverManager - Using chromedriver 95.0.4638.69 (since Google Chrome 95 is installed in your machine)
[Test worker] INFO io.github.bonigarcia.wdm.WebDriverManager - Exporting webdriver.chrome.driver as C:\Users\Tom\.m2\repository\webdriver\chromedriver\win32\95.0.4638.69\chromedriver.exe
[Test worker] INFO net.thucydides.core.steps.ConsoleLoggingListener - 

-------------------------------------------------------------------------------------
     _______. _______ .______       _______ .__   __.  __  .___________.____    ____ 
    /       ||   ____||   _  \     |   ____||  \ |  | |  | |           |\   \  /   / 
   |   (----`|  |__   |  |_)  |    |  |__   |   \|  | |  | `---|  |----` \   \/   /  
    \   \    |   __|  |      /     |   __|  |  . `  | |  |     |  |       \_    _/   
.----)   |   |  |____ |  |\  \----.|  |____ |  |\   | |  |     |  |         |  |     
|_______/    |_______|| _| `._____||_______||__| \__| |__|     |__|         |__|    
                                                                                     
 News and tutorials at http://www.serenity-bdd.info                                  
 Documentation at https://wakaleo.gitbooks.io/the-serenity-book/content/             
 Join the Serenity Community on Rocket Chat at https://serenity-bdd.rocket.chat      
 Serenity BDD Support and Training at http://serenity-bdd.info/#/trainingandsupport  
 Learn Serenity BDD online at http://serenity-dojo.com                               
-------------------------------------------------------------------------------------

[Test worker] INFO net.thucydides.core.steps.ConsoleLoggingListener - Test Suite Started: Account creation on uTest page
[Test worker] WARN net.thucydides.core.steps.BaseStepListener - testStarted: Simple google search/account-creation-on-utest-page;simple-google-search
[Test worker] INFO net.thucydides.core.steps.ConsoleLoggingListener - 
 _____ _____ ____ _____   ____ _____  _    ____ _____ _____ ____  
|_   _| ____/ ___|_   _| / ___|_   _|/ \  |  _ \_   _| ____|  _ \ 
  | | |  _| \___ \ | |   \___ \ | | / _ \ | |_) || | |  _| | | | |
  | | | |___ ___) || |    ___) || |/ ___ \|  _ < | | | |___| |_| |
  |_| |_____|____/ |_|   |____/ |_/_/   \_\_| \_\|_| |_____|____/ 
                                                                  

TEST STARTED: Simple google search
-------------------------------------------------------------------(account-creation-on-utest-page;simple-google-search)
[Test worker] WARN net.thucydides.core.steps.BaseStepListener - stepStarted: net.thucydides.core.steps.ExecutedStepDescription@10911d79
[Test worker] WARN net.thucydides.core.steps.BaseStepListener - stepStarted: net.thucydides.core.steps.ExecutedStepDescription@648e9801
[Test worker] WARN net.thucydides.core.steps.BaseStepListener - stepStarted: net.thucydides.core.steps.ExecutedStepDescription@3ca7116
[Test worker] WARN net.thucydides.core.steps.BaseStepListener - stepStarted: net.thucydides.core.steps.ExecutedStepDescription@347d938e
nov 18, 2021 11:43:20 A.M. org.openqa.selenium.remote.DesiredCapabilities chrome
INFORMACIÓN: Using `new ChromeOptions()` is preferred to `DesiredCapabilities.chrome()`
[Test worker] INFO net.serenitybdd.core.webdriver.driverproviders.ProvideNewDriver - Instantiating driver
[Test worker] INFO net.serenitybdd.core.webdriver.driverproviders.ProvideNewDriver - Driver capabilities: Capabilities {acceptInsecureCerts: false, browserName: chrome, chrome.switches: --start-maximized, goog:chromeOptions: {args: [--start-maximized], extensions: []}, loggingPrefs: org.openqa.selenium.logging..., platform: ANY, version: }
Starting ChromeDriver 95.0.4638.69 (6a1600ed572fedecd573b6c2b90a22fe6392a410-refs/branch-heads/4638@{#984}) on port 3307
Only local connections are allowed.
Please see https://chromedriver.chromium.org/security-considerations for suggestions on keeping ChromeDriver safe.
ChromeDriver was started successfully.
nov 18, 2021 11:43:22 A.M. org.openqa.selenium.remote.ProtocolHandshake createSession
INFORMACIÓN: Detected dialect: W3C
[Test worker] WARN net.thucydides.core.steps.BaseStepListener - stepFinished: current outcome:Simple google search:Example: {strNombre=Hermes, strApellido=diaz, strEmail=hermeci5645sadfsad6agdfgz12@hotmail.com, strMes=5, strDia=28, strAno=1997, strCiudad=Villavicencio, strCodigoPostal=500001, strPais=brazil, strComputer=Windows, strVersion=7, strLanguagePc=spanish, strMobileDevice=Alcatel, strModel=MD01, strOS=Android 2.0, strPassword=HermesDiaz19970528} [Given a web browser on the uTest page [Usuario open up [usuario opens the Choucair utest page]]]
[Test worker] WARN net.thucydides.core.steps.BaseStepListener - stepFinished: current outcome:Simple google search:Example: {strNombre=Hermes, strApellido=diaz, strEmail=hermeci5645sadfsad6agdfgz12@hotmail.com, strMes=5, strDia=28, strAno=1997, strCiudad=Villavicencio, strCodigoPostal=500001, strPais=brazil, strComputer=Windows, strVersion=7, strLanguagePc=spanish, strMobileDevice=Alcatel, strModel=MD01, strOS=Android 2.0, strPassword=HermesDiaz19970528} [Given a web browser on the uTest page [Usuario open up [usuario opens the Choucair utest page]]]
[Test worker] WARN net.thucydides.core.steps.BaseStepListener - stepStarted: net.thucydides.core.steps.ExecutedStepDescription@623db1c4
[Test worker] WARN net.thucydides.core.steps.BaseStepListener - stepStarted: net.thucydides.core.steps.ExecutedStepDescription@76189027
[Test worker] WARN net.thucydides.core.steps.BaseStepListener - stepFinished: current outcome:Simple google search:Example: {strNombre=Hermes, strApellido=diaz, strEmail=hermeci5645sadfsad6agdfgz12@hotmail.com, strMes=5, strDia=28, strAno=1997, strCiudad=Villavicencio, strCodigoPostal=500001, strPais=brazil, strComputer=Windows, strVersion=7, strLanguagePc=spanish, strMobileDevice=Alcatel, strModel=MD01, strOS=Android 2.0, strPassword=HermesDiaz19970528} [Given a web browser on the uTest page [Usuario open up [usuario opens the Choucair utest page], Usuario open sing up form [usuario clicks on Button that shows us the form to register]]]
[Test worker] WARN net.thucydides.core.steps.BaseStepListener - stepFinished: current outcome:Simple google search:Example: {strNombre=Hermes, strApellido=diaz, strEmail=hermeci5645sadfsad6agdfgz12@hotmail.com, strMes=5, strDia=28, strAno=1997, strCiudad=Villavicencio, strCodigoPostal=500001, strPais=brazil, strComputer=Windows, strVersion=7, strLanguagePc=spanish, strMobileDevice=Alcatel, strModel=MD01, strOS=Android 2.0, strPassword=HermesDiaz19970528} [Given a web browser on the uTest page [Usuario open up [usuario opens the Choucair utest page], Usuario open sing up form [usuario clicks on Button that shows us the form to register]]]
[Test worker] WARN net.thucydides.core.steps.BaseStepListener - stepFinished: current outcome:Simple google search:Example: {strNombre=Hermes, strApellido=diaz, strEmail=hermeci5645sadfsad6agdfgz12@hotmail.com, strMes=5, strDia=28, strAno=1997, strCiudad=Villavicencio, strCodigoPostal=500001, strPais=brazil, strComputer=Windows, strVersion=7, strLanguagePc=spanish, strMobileDevice=Alcatel, strModel=MD01, strOS=Android 2.0, strPassword=HermesDiaz19970528} [Given a web browser on the uTest page [Usuario open up [usuario opens the Choucair utest page], Usuario open sing up form [usuario clicks on Button that shows us the form to register]]]
[Test worker] WARN net.thucydides.core.steps.BaseStepListener - stepStarted: net.thucydides.core.steps.ExecutedStepDescription@5a886ddc
[Test worker] WARN net.thucydides.core.steps.BaseStepListener - stepStarted: net.thucydides.core.steps.ExecutedStepDescription@4470a6f5
[Test worker] WARN net.thucydides.core.steps.BaseStepListener - stepStarted: net.thucydides.core.steps.ExecutedStepDescription@12fc6068
[Test worker] WARN net.thucydides.core.steps.BaseStepListener - stepFinished: current outcome:Simple google search:Example: {strNombre=Hermes, strApellido=diaz, strEmail=hermeci5645sadfsad6agdfgz12@hotmail.com, strMes=5, strDia=28, strAno=1997, strCiudad=Villavicencio, strCodigoPostal=500001, strPais=brazil, strComputer=Windows, strVersion=7, strLanguagePc=spanish, strMobileDevice=Alcatel, strModel=MD01, strOS=Android 2.0, strPassword=HermesDiaz19970528} [Given a web browser on the uTest page [Usuario open up [usuario opens the Choucair utest page], Usuario open sing up form [usuario clicks on Button that shows us the form to register]], When you click on the Joid Today option and the information is filled out
| strNombre | strApellido | strEmail | strMes | strDia | strAno | strCiudad | strCodigoPostal | strPais | strComputer | strVersion | strLanguagePc | strMobileDevice | strModel | strOS | strPassword |
| Hermes | diaz | hermeci5645sadfsad6agdfgz12@hotmail.com | 5 | 28 | 1997 | Villavicencio | 500001 | brazil | Windows | 7 | spanish | Alcatel | MD01 | Android 2.0 | HermesDiaz19970528 | [Usuario open personal form [usuario enters 'Hermes' into where do we write the user]]]
[Test worker] WARN net.thucydides.core.steps.BaseStepListener - stepStarted: net.thucydides.core.steps.ExecutedStepDescription@6ebacf97
[Test worker] WARN net.thucydides.core.steps.BaseStepListener - stepFinished: current outcome:Simple google search:Example: {strNombre=Hermes, strApellido=diaz, strEmail=hermeci5645sadfsad6agdfgz12@hotmail.com, strMes=5, strDia=28, strAno=1997, strCiudad=Villavicencio, strCodigoPostal=500001, strPais=brazil, strComputer=Windows, strVersion=7, strLanguagePc=spanish, strMobileDevice=Alcatel, strModel=MD01, strOS=Android 2.0, strPassword=HermesDiaz19970528} [Given a web browser on the uTest page [Usuario open up [usuario opens the Choucair utest page], Usuario open sing up form [usuario clicks on Button that shows us the form to register]], When you click on the Joid Today option and the information is filled out
| strNombre | strApellido | strEmail | strMes | strDia | strAno | strCiudad | strCodigoPostal | strPais | strComputer | strVersion | strLanguagePc | strMobileDevice | strModel | strOS | strPassword |
| Hermes | diaz | hermeci5645sadfsad6agdfgz12@hotmail.com | 5 | 28 | 1997 | Villavicencio | 500001 | brazil | Windows | 7 | spanish | Alcatel | MD01 | Android 2.0 | HermesDiaz19970528 | [Usuario open personal form [usuario enters 'Hermes' into where do we write the user, usuario enters 'diaz' into where do we write the user]]]
[Test worker] WARN net.thucydides.core.steps.BaseStepListener - stepStarted: net.thucydides.core.steps.ExecutedStepDescription@5b98f9ba
[Test worker] WARN net.thucydides.core.steps.BaseStepListener - stepFinished: current outcome:Simple google search:Example: {strNombre=Hermes, strApellido=diaz, strEmail=hermeci5645sadfsad6agdfgz12@hotmail.com, strMes=5, strDia=28, strAno=1997, strCiudad=Villavicencio, strCodigoPostal=500001, strPais=brazil, strComputer=Windows, strVersion=7, strLanguagePc=spanish, strMobileDevice=Alcatel, strModel=MD01, strOS=Android 2.0, strPassword=HermesDiaz19970528} [Given a web browser on the uTest page [Usuario open up [usuario opens the Choucair utest page], Usuario open sing up form [usuario clicks on Button that shows us the form to register]], When you click on the Joid Today option and the information is filled out
| strNombre | strApellido | strEmail | strMes | strDia | strAno | strCiudad | strCodigoPostal | strPais | strComputer | strVersion | strLanguagePc | strMobileDevice | strModel | strOS | strPassword |
| Hermes | diaz | hermeci5645sadfsad6agdfgz12@hotmail.com | 5 | 28 | 1997 | Villavicencio | 500001 | brazil | Windows | 7 | spanish | Alcatel | MD01 | Android 2.0 | HermesDiaz19970528 | [Usuario open personal form [usuario enters 'Hermes' into where do we write the user, usuario enters 'diaz' into where do we write the user, usuario enters 'hermeci5645sadfsad6agdfgz12@hotmail.com' into where do we write the user]]]
[Test worker] WARN net.thucydides.core.steps.BaseStepListener - stepStarted: net.thucydides.core.steps.ExecutedStepDescription@45242a20
[Test worker] WARN net.thucydides.core.steps.BaseStepListener - stepFinished: current outcome:Simple google search:Example: {strNombre=Hermes, strApellido=diaz, strEmail=hermeci5645sadfsad6agdfgz12@hotmail.com, strMes=5, strDia=28, strAno=1997, strCiudad=Villavicencio, strCodigoPostal=500001, strPais=brazil, strComputer=Windows, strVersion=7, strLanguagePc=spanish, strMobileDevice=Alcatel, strModel=MD01, strOS=Android 2.0, strPassword=HermesDiaz19970528} [Given a web browser on the uTest page [Usuario open up [usuario opens the Choucair utest page], Usuario open sing up form [usuario clicks on Button that shows us the form to register]], When you click on the Joid Today option and the information is filled out
| strNombre | strApellido | strEmail | strMes | strDia | strAno | strCiudad | strCodigoPostal | strPais | strComputer | strVersion | strLanguagePc | strMobileDevice | strModel | strOS | strPassword |
| Hermes | diaz | hermeci5645sadfsad6agdfgz12@hotmail.com | 5 | 28 | 1997 | Villavicencio | 500001 | brazil | Windows | 7 | spanish | Alcatel | MD01 | Android 2.0 | HermesDiaz19970528 | [Usuario open personal form [usuario enters 'Hermes' into where do we write the user, usuario enters 'diaz' into where do we write the user, usuario enters 'hermeci5645sadfsad6agdfgz12@hotmail.com' into where do we write the user, usuario selects index 5 in Button to confirm login]]]
[Test worker] WARN net.thucydides.core.steps.BaseStepListener - stepStarted: net.thucydides.core.steps.ExecutedStepDescription@1b147167
[Test worker] WARN net.thucydides.core.steps.BaseStepListener - stepFinished: current outcome:Simple google search:Example: {strNombre=Hermes, strApellido=diaz, strEmail=hermeci5645sadfsad6agdfgz12@hotmail.com, strMes=5, strDia=28, strAno=1997, strCiudad=Villavicencio, strCodigoPostal=500001, strPais=brazil, strComputer=Windows, strVersion=7, strLanguagePc=spanish, strMobileDevice=Alcatel, strModel=MD01, strOS=Android 2.0, strPassword=HermesDiaz19970528} [Given a web browser on the uTest page [Usuario open up [usuario opens the Choucair utest page], Usuario open sing up form [usuario clicks on Button that shows us the form to register]], When you click on the Joid Today option and the information is filled out
| strNombre | strApellido | strEmail | strMes | strDia | strAno | strCiudad | strCodigoPostal | strPais | strComputer | strVersion | strLanguagePc | strMobileDevice | strModel | strOS | strPassword |
| Hermes | diaz | hermeci5645sadfsad6agdfgz12@hotmail.com | 5 | 28 | 1997 | Villavicencio | 500001 | brazil | Windows | 7 | spanish | Alcatel | MD01 | Android 2.0 | HermesDiaz19970528 | [Usuario open personal form [usuario enters 'Hermes' into where do we write the user, usuario enters 'diaz' into where do we write the user, usuario enters 'hermeci5645sadfsad6agdfgz12@hotmail.com' into where do we write the user, usuario selects index 5 in Button to confirm login, usuario selects index 28 in Button to confirm login]]]
[Test worker] WARN net.thucydides.core.steps.BaseStepListener - stepStarted: net.thucydides.core.steps.ExecutedStepDescription@64ab840f
[Test worker] WARN net.thucydides.core.steps.BaseStepListener - stepFinished: current outcome:Simple google search:Example: {strNombre=Hermes, strApellido=diaz, strEmail=hermeci5645sadfsad6agdfgz12@hotmail.com, strMes=5, strDia=28, strAno=1997, strCiudad=Villavicencio, strCodigoPostal=500001, strPais=brazil, strComputer=Windows, strVersion=7, strLanguagePc=spanish, strMobileDevice=Alcatel, strModel=MD01, strOS=Android 2.0, strPassword=HermesDiaz19970528} [Given a web browser on the uTest page [Usuario open up [usuario opens the Choucair utest page], Usuario open sing up form [usuario clicks on Button that shows us the form to register]], When you click on the Joid Today option and the information is filled out
| strNombre | strApellido | strEmail | strMes | strDia | strAno | strCiudad | strCodigoPostal | strPais | strComputer | strVersion | strLanguagePc | strMobileDevice | strModel | strOS | strPassword |
| Hermes | diaz | hermeci5645sadfsad6agdfgz12@hotmail.com | 5 | 28 | 1997 | Villavicencio | 500001 | brazil | Windows | 7 | spanish | Alcatel | MD01 | Android 2.0 | HermesDiaz19970528 | [Usuario open personal form [usuario enters 'Hermes' into where do we write the user, usuario enters 'diaz' into where do we write the user, usuario enters 'hermeci5645sadfsad6agdfgz12@hotmail.com' into where do we write the user, usuario selects index 5 in Button to confirm login, usuario selects index 28 in Button to confirm login, usuario select 1997 on Button to confirm login]]]
[Test worker] WARN net.thucydides.core.steps.BaseStepListener - stepStarted: net.thucydides.core.steps.ExecutedStepDescription@1ee0a689
[Test worker] WARN net.thucydides.core.steps.BaseStepListener - stepFinished: current outcome:Simple google search:Example: {strNombre=Hermes, strApellido=diaz, strEmail=hermeci5645sadfsad6agdfgz12@hotmail.com, strMes=5, strDia=28, strAno=1997, strCiudad=Villavicencio, strCodigoPostal=500001, strPais=brazil, strComputer=Windows, strVersion=7, strLanguagePc=spanish, strMobileDevice=Alcatel, strModel=MD01, strOS=Android 2.0, strPassword=HermesDiaz19970528} [Given a web browser on the uTest page [Usuario open up [usuario opens the Choucair utest page], Usuario open sing up form [usuario clicks on Button that shows us the form to register]], When you click on the Joid Today option and the information is filled out
| strNombre | strApellido | strEmail | strMes | strDia | strAno | strCiudad | strCodigoPostal | strPais | strComputer | strVersion | strLanguagePc | strMobileDevice | strModel | strOS | strPassword |
| Hermes | diaz | hermeci5645sadfsad6agdfgz12@hotmail.com | 5 | 28 | 1997 | Villavicencio | 500001 | brazil | Windows | 7 | spanish | Alcatel | MD01 | Android 2.0 | HermesDiaz19970528 | [Usuario open personal form [usuario enters 'Hermes' into where do we write the user, usuario enters 'diaz' into where do we write the user, usuario enters 'hermeci5645sadfsad6agdfgz12@hotmail.com' into where do we write the user, usuario selects index 5 in Button to confirm login, usuario selects index 28 in Button to confirm login, usuario select 1997 on Button to confirm login, usuario clicks on Button to confirm login]]]
[Test worker] WARN net.thucydides.core.steps.BaseStepListener - stepStarted: net.thucydides.core.steps.ExecutedStepDescription@20775a62
[Test worker] WARN net.thucydides.core.steps.BaseStepListener - stepFinished: current outcome:Simple google search:Example: {strNombre=Hermes, strApellido=diaz, strEmail=hermeci5645sadfsad6agdfgz12@hotmail.com, strMes=5, strDia=28, strAno=1997, strCiudad=Villavicencio, strCodigoPostal=500001, strPais=brazil, strComputer=Windows, strVersion=7, strLanguagePc=spanish, strMobileDevice=Alcatel, strModel=MD01, strOS=Android 2.0, strPassword=HermesDiaz19970528} [Given a web browser on the uTest page [Usuario open up [usuario opens the Choucair utest page], Usuario open sing up form [usuario clicks on Button that shows us the form to register]], When you click on the Joid Today option and the information is filled out
| strNombre | strApellido | strEmail | strMes | strDia | strAno | strCiudad | strCodigoPostal | strPais | strComputer | strVersion | strLanguagePc | strMobileDevice | strModel | strOS | strPassword |
| Hermes | diaz | hermeci5645sadfsad6agdfgz12@hotmail.com | 5 | 28 | 1997 | Villavicencio | 500001 | brazil | Windows | 7 | spanish | Alcatel | MD01 | Android 2.0 | HermesDiaz19970528 | [Usuario open personal form [usuario enters 'Hermes' into where do we write the user, usuario enters 'diaz' into where do we write the user, usuario enters 'hermeci5645sadfsad6agdfgz12@hotmail.com' into where do we write the user, usuario selects index 5 in Button to confirm login, usuario selects index 28 in Button to confirm login, usuario select 1997 on Button to confirm login, usuario clicks on Button to confirm login, usuario enters 'Villavicencio' into where do we write the user]]]
[Test worker] WARN net.thucydides.core.steps.BaseStepListener - stepStarted: net.thucydides.core.steps.ExecutedStepDescription@3906d7ed
[Test worker] WARN net.thucydides.core.steps.BaseStepListener - stepFinished: current outcome:Simple google search:Example: {strNombre=Hermes, strApellido=diaz, strEmail=hermeci5645sadfsad6agdfgz12@hotmail.com, strMes=5, strDia=28, strAno=1997, strCiudad=Villavicencio, strCodigoPostal=500001, strPais=brazil, strComputer=Windows, strVersion=7, strLanguagePc=spanish, strMobileDevice=Alcatel, strModel=MD01, strOS=Android 2.0, strPassword=HermesDiaz19970528} [Given a web browser on the uTest page [Usuario open up [usuario opens the Choucair utest page], Usuario open sing up form [usuario clicks on Button that shows us the form to register]], When you click on the Joid Today option and the information is filled out
| strNombre | strApellido | strEmail | strMes | strDia | strAno | strCiudad | strCodigoPostal | strPais | strComputer | strVersion | strLanguagePc | strMobileDevice | strModel | strOS | strPassword |
| Hermes | diaz | hermeci5645sadfsad6agdfgz12@hotmail.com | 5 | 28 | 1997 | Villavicencio | 500001 | brazil | Windows | 7 | spanish | Alcatel | MD01 | Android 2.0 | HermesDiaz19970528 | [Usuario open personal form [usuario enters 'Hermes' into where do we write the user, usuario enters 'diaz' into where do we write the user, usuario enters 'hermeci5645sadfsad6agdfgz12@hotmail.com' into where do we write the user, usuario selects index 5 in Button to confirm login, usuario selects index 28 in Button to confirm login, usuario select 1997 on Button to confirm login, usuario clicks on Button to confirm login, usuario enters 'Villavicencio' into where do we write the user, usuario types 'DOWN' in where do we write the user]]]
[Test worker] WARN net.thucydides.core.steps.BaseStepListener - stepStarted: net.thucydides.core.steps.ExecutedStepDescription@7fdfa7cb
[Test worker] WARN net.thucydides.core.steps.BaseStepListener - stepFinished: current outcome:Simple google search:Example: {strNombre=Hermes, strApellido=diaz, strEmail=hermeci5645sadfsad6agdfgz12@hotmail.com, strMes=5, strDia=28, strAno=1997, strCiudad=Villavicencio, strCodigoPostal=500001, strPais=brazil, strComputer=Windows, strVersion=7, strLanguagePc=spanish, strMobileDevice=Alcatel, strModel=MD01, strOS=Android 2.0, strPassword=HermesDiaz19970528} [Given a web browser on the uTest page [Usuario open up [usuario opens the Choucair utest page], Usuario open sing up form [usuario clicks on Button that shows us the form to register]], When you click on the Joid Today option and the information is filled out
| strNombre | strApellido | strEmail | strMes | strDia | strAno | strCiudad | strCodigoPostal | strPais | strComputer | strVersion | strLanguagePc | strMobileDevice | strModel | strOS | strPassword |
| Hermes | diaz | hermeci5645sadfsad6agdfgz12@hotmail.com | 5 | 28 | 1997 | Villavicencio | 500001 | brazil | Windows | 7 | spanish | Alcatel | MD01 | Android 2.0 | HermesDiaz19970528 | [Usuario open personal form [usuario enters 'Hermes' into where do we write the user, usuario enters 'diaz' into where do we write the user, usuario enters 'hermeci5645sadfsad6agdfgz12@hotmail.com' into where do we write the user, usuario selects index 5 in Button to confirm login, usuario selects index 28 in Button to confirm login, usuario select 1997 on Button to confirm login, usuario clicks on Button to confirm login, usuario enters 'Villavicencio' into where do we write the user, usuario types 'DOWN' in where do we write the user, usuario types 'ENTER' in where do we write the user]]]
[Test worker] WARN net.thucydides.core.steps.BaseStepListener - stepStarted: net.thucydides.core.steps.ExecutedStepDescription@34313c32
[Test worker] WARN net.thucydides.core.steps.BaseStepListener - stepFinished: current outcome:Simple google search:Example: {strNombre=Hermes, strApellido=diaz, strEmail=hermeci5645sadfsad6agdfgz12@hotmail.com, strMes=5, strDia=28, strAno=1997, strCiudad=Villavicencio, strCodigoPostal=500001, strPais=brazil, strComputer=Windows, strVersion=7, strLanguagePc=spanish, strMobileDevice=Alcatel, strModel=MD01, strOS=Android 2.0, strPassword=HermesDiaz19970528} [Given a web browser on the uTest page [Usuario open up [usuario opens the Choucair utest page], Usuario open sing up form [usuario clicks on Button that shows us the form to register]], When you click on the Joid Today option and the information is filled out
| strNombre | strApellido | strEmail | strMes | strDia | strAno | strCiudad | strCodigoPostal | strPais | strComputer | strVersion | strLanguagePc | strMobileDevice | strModel | strOS | strPassword |
| Hermes | diaz | hermeci5645sadfsad6agdfgz12@hotmail.com | 5 | 28 | 1997 | Villavicencio | 500001 | brazil | Windows | 7 | spanish | Alcatel | MD01 | Android 2.0 | HermesDiaz19970528 | [Usuario open personal form [usuario enters 'Hermes' into where do we write the user, usuario enters 'diaz' into where do we write the user, usuario enters 'hermeci5645sadfsad6agdfgz12@hotmail.com' into where do we write the user, usuario selects index 5 in Button to confirm login, usuario selects index 28 in Button to confirm login, usuario select 1997 on Button to confirm login, usuario clicks on Button to confirm login, usuario enters 'Villavicencio' into where do we write the user, usuario types 'DOWN' in where do we write the user, usuario types 'ENTER' in where do we write the user, usuario enters '500001' into where do we write the user]]]
[Test worker] WARN net.thucydides.core.steps.BaseStepListener - stepStarted: net.thucydides.core.steps.ExecutedStepDescription@532f39d9
[Test worker] WARN net.thucydides.core.steps.BaseStepListener - stepFinished: current outcome:Simple google search:Example: {strNombre=Hermes, strApellido=diaz, strEmail=hermeci5645sadfsad6agdfgz12@hotmail.com, strMes=5, strDia=28, strAno=1997, strCiudad=Villavicencio, strCodigoPostal=500001, strPais=brazil, strComputer=Windows, strVersion=7, strLanguagePc=spanish, strMobileDevice=Alcatel, strModel=MD01, strOS=Android 2.0, strPassword=HermesDiaz19970528} [Given a web browser on the uTest page [Usuario open up [usuario opens the Choucair utest page], Usuario open sing up form [usuario clicks on Button that shows us the form to register]], When you click on the Joid Today option and the information is filled out
| strNombre | strApellido | strEmail | strMes | strDia | strAno | strCiudad | strCodigoPostal | strPais | strComputer | strVersion | strLanguagePc | strMobileDevice | strModel | strOS | strPassword |
| Hermes | diaz | hermeci5645sadfsad6agdfgz12@hotmail.com | 5 | 28 | 1997 | Villavicencio | 500001 | brazil | Windows | 7 | spanish | Alcatel | MD01 | Android 2.0 | HermesDiaz19970528 | [Usuario open personal form [usuario enters 'Hermes' into where do we write the user, usuario enters 'diaz' into where do we write the user, usuario enters 'hermeci5645sadfsad6agdfgz12@hotmail.com' into where do we write the user, usuario selects index 5 in Button to confirm login, usuario selects index 28 in Button to confirm login, usuario select 1997 on Button to confirm login, usuario clicks on Button to confirm login, usuario enters 'Villavicencio' into where do we write the user, usuario types 'DOWN' in where do we write the user, usuario types 'ENTER' in where do we write the user, usuario enters '500001' into where do we write the user, usuario clicks on Button to confirm login]]]
[Test worker] WARN net.thucydides.core.steps.BaseStepListener - stepStarted: net.thucydides.core.steps.ExecutedStepDescription@53e9f826
[Test worker] WARN net.thucydides.core.steps.BaseStepListener - stepFinished: current outcome:Simple google search:Example: {strNombre=Hermes, strApellido=diaz, strEmail=hermeci5645sadfsad6agdfgz12@hotmail.com, strMes=5, strDia=28, strAno=1997, strCiudad=Villavicencio, strCodigoPostal=500001, strPais=brazil, strComputer=Windows, strVersion=7, strLanguagePc=spanish, strMobileDevice=Alcatel, strModel=MD01, strOS=Android 2.0, strPassword=HermesDiaz19970528} [Given a web browser on the uTest page [Usuario open up [usuario opens the Choucair utest page], Usuario open sing up form [usuario clicks on Button that shows us the form to register]], When you click on the Joid Today option and the information is filled out
| strNombre | strApellido | strEmail | strMes | strDia | strAno | strCiudad | strCodigoPostal | strPais | strComputer | strVersion | strLanguagePc | strMobileDevice | strModel | strOS | strPassword |
| Hermes | diaz | hermeci5645sadfsad6agdfgz12@hotmail.com | 5 | 28 | 1997 | Villavicencio | 500001 | brazil | Windows | 7 | spanish | Alcatel | MD01 | Android 2.0 | HermesDiaz19970528 | [Usuario open personal form [usuario enters 'Hermes' into where do we write the user, usuario enters 'diaz' into where do we write the user, usuario enters 'hermeci5645sadfsad6agdfgz12@hotmail.com' into where do we write the user, usuario selects index 5 in Button to confirm login, usuario selects index 28 in Button to confirm login, usuario select 1997 on Button to confirm login, usuario clicks on Button to confirm login, usuario enters 'Villavicencio' into where do we write the user, usuario types 'DOWN' in where do we write the user, usuario types 'ENTER' in where do we write the user, usuario enters '500001' into where do we write the user, usuario clicks on Button to confirm login, usuario enters 'brazil' into Caja de texto]]]
[Test worker] WARN net.thucydides.core.steps.BaseStepListener - stepStarted: net.thucydides.core.steps.ExecutedStepDescription@7c387de0
[Test worker] WARN net.thucydides.core.steps.BaseStepListener - stepFinished: current outcome:Simple google search:Example: {strNombre=Hermes, strApellido=diaz, strEmail=hermeci5645sadfsad6agdfgz12@hotmail.com, strMes=5, strDia=28, strAno=1997, strCiudad=Villavicencio, strCodigoPostal=500001, strPais=brazil, strComputer=Windows, strVersion=7, strLanguagePc=spanish, strMobileDevice=Alcatel, strModel=MD01, strOS=Android 2.0, strPassword=HermesDiaz19970528} [Given a web browser on the uTest page [Usuario open up [usuario opens the Choucair utest page], Usuario open sing up form [usuario clicks on Button that shows us the form to register]], When you click on the Joid Today option and the information is filled out
| strNombre | strApellido | strEmail | strMes | strDia | strAno | strCiudad | strCodigoPostal | strPais | strComputer | strVersion | strLanguagePc | strMobileDevice | strModel | strOS | strPassword |
| Hermes | diaz | hermeci5645sadfsad6agdfgz12@hotmail.com | 5 | 28 | 1997 | Villavicencio | 500001 | brazil | Windows | 7 | spanish | Alcatel | MD01 | Android 2.0 | HermesDiaz19970528 | [Usuario open personal form [usuario enters 'Hermes' into where do we write the user, usuario enters 'diaz' into where do we write the user, usuario enters 'hermeci5645sadfsad6agdfgz12@hotmail.com' into where do we write the user, usuario selects index 5 in Button to confirm login, usuario selects index 28 in Button to confirm login, usuario select 1997 on Button to confirm login, usuario clicks on Button to confirm login, usuario enters 'Villavicencio' into where do we write the user, usuario types 'DOWN' in where do we write the user, usuario types 'ENTER' in where do we write the user, usuario enters '500001' into where do we write the user, usuario clicks on Button to confirm login, usuario enters 'brazil' into Caja de texto, usuario types 'ENTER' in Caja de texto]]]
[Test worker] WARN net.thucydides.core.steps.BaseStepListener - stepStarted: net.thucydides.core.steps.ExecutedStepDescription@3c63b416
[Test worker] WARN net.thucydides.core.steps.BaseStepListener - stepFinished: current outcome:Simple google search:Example: {strNombre=Hermes, strApellido=diaz, strEmail=hermeci5645sadfsad6agdfgz12@hotmail.com, strMes=5, strDia=28, strAno=1997, strCiudad=Villavicencio, strCodigoPostal=500001, strPais=brazil, strComputer=Windows, strVersion=7, strLanguagePc=spanish, strMobileDevice=Alcatel, strModel=MD01, strOS=Android 2.0, strPassword=HermesDiaz19970528} [Given a web browser on the uTest page [Usuario open up [usuario opens the Choucair utest page], Usuario open sing up form [usuario clicks on Button that shows us the form to register]], When you click on the Joid Today option and the information is filled out
| strNombre | strApellido | strEmail | strMes | strDia | strAno | strCiudad | strCodigoPostal | strPais | strComputer | strVersion | strLanguagePc | strMobileDevice | strModel | strOS | strPassword |
| Hermes | diaz | hermeci5645sadfsad6agdfgz12@hotmail.com | 5 | 28 | 1997 | Villavicencio | 500001 | brazil | Windows | 7 | spanish | Alcatel | MD01 | Android 2.0 | HermesDiaz19970528 | [Usuario open personal form [usuario enters 'Hermes' into where do we write the user, usuario enters 'diaz' into where do we write the user, usuario enters 'hermeci5645sadfsad6agdfgz12@hotmail.com' into where do we write the user, usuario selects index 5 in Button to confirm login, usuario selects index 28 in Button to confirm login, usuario select 1997 on Button to confirm login, usuario clicks on Button to confirm login, usuario enters 'Villavicencio' into where do we write the user, usuario types 'DOWN' in where do we write the user, usuario types 'ENTER' in where do we write the user, usuario enters '500001' into where do we write the user, usuario clicks on Button to confirm login, usuario enters 'brazil' into Caja de texto, usuario types 'ENTER' in Caja de texto, usuario clicks on Button to confirm login]]]
[Test worker] WARN net.thucydides.core.steps.BaseStepListener - stepFinished: current outcome:Simple google search:Example: {strNombre=Hermes, strApellido=diaz, strEmail=hermeci5645sadfsad6agdfgz12@hotmail.com, strMes=5, strDia=28, strAno=1997, strCiudad=Villavicencio, strCodigoPostal=500001, strPais=brazil, strComputer=Windows, strVersion=7, strLanguagePc=spanish, strMobileDevice=Alcatel, strModel=MD01, strOS=Android 2.0, strPassword=HermesDiaz19970528} [Given a web browser on the uTest page [Usuario open up [usuario opens the Choucair utest page], Usuario open sing up form [usuario clicks on Button that shows us the form to register]], When you click on the Joid Today option and the information is filled out
| strNombre | strApellido | strEmail | strMes | strDia | strAno | strCiudad | strCodigoPostal | strPais | strComputer | strVersion | strLanguagePc | strMobileDevice | strModel | strOS | strPassword |
| Hermes | diaz | hermeci5645sadfsad6agdfgz12@hotmail.com | 5 | 28 | 1997 | Villavicencio | 500001 | brazil | Windows | 7 | spanish | Alcatel | MD01 | Android 2.0 | HermesDiaz19970528 | [Usuario open personal form [usuario enters 'Hermes' into where do we write the user, usuario enters 'diaz' into where do we write the user, usuario enters 'hermeci5645sadfsad6agdfgz12@hotmail.com' into where do we write the user, usuario selects index 5 in Button to confirm login, usuario selects index 28 in Button to confirm login, usuario select 1997 on Button to confirm login, usuario clicks on Button to confirm login, usuario enters 'Villavicencio' into where do we write the user, usuario types 'DOWN' in where do we write the user, usuario types 'ENTER' in where do we write the user, usuario enters '500001' into where do we write the user, usuario clicks on Button to confirm login, usuario enters 'brazil' into Caja de texto, usuario types 'ENTER' in Caja de texto, usuario clicks on Button to confirm login]]]
[Test worker] WARN net.thucydides.core.steps.BaseStepListener - stepStarted: net.thucydides.core.steps.ExecutedStepDescription@70e2ad2a
[Test worker] WARN net.thucydides.core.steps.BaseStepListener - stepStarted: net.thucydides.core.steps.ExecutedStepDescription@b5c20c8
[Test worker] WARN net.thucydides.core.steps.BaseStepListener - stepFinished: current outcome:Simple google search:Example: {strNombre=Hermes, strApellido=diaz, strEmail=hermeci5645sadfsad6agdfgz12@hotmail.com, strMes=5, strDia=28, strAno=1997, strCiudad=Villavicencio, strCodigoPostal=500001, strPais=brazil, strComputer=Windows, strVersion=7, strLanguagePc=spanish, strMobileDevice=Alcatel, strModel=MD01, strOS=Android 2.0, strPassword=HermesDiaz19970528} [Given a web browser on the uTest page [Usuario open up [usuario opens the Choucair utest page], Usuario open sing up form [usuario clicks on Button that shows us the form to register]], When you click on the Joid Today option and the information is filled out
| strNombre | strApellido | strEmail | strMes | strDia | strAno | strCiudad | strCodigoPostal | strPais | strComputer | strVersion | strLanguagePc | strMobileDevice | strModel | strOS | strPassword |
| Hermes | diaz | hermeci5645sadfsad6agdfgz12@hotmail.com | 5 | 28 | 1997 | Villavicencio | 500001 | brazil | Windows | 7 | spanish | Alcatel | MD01 | Android 2.0 | HermesDiaz19970528 | [Usuario open personal form [usuario enters 'Hermes' into where do we write the user, usuario enters 'diaz' into where do we write the user, usuario enters 'hermeci5645sadfsad6agdfgz12@hotmail.com' into where do we write the user, usuario selects index 5 in Button to confirm login, usuario selects index 28 in Button to confirm login, usuario select 1997 on Button to confirm login, usuario clicks on Button to confirm login, usuario enters 'Villavicencio' into where do we write the user, usuario types 'DOWN' in where do we write the user, usuario types 'ENTER' in where do we write the user, usuario enters '500001' into where do we write the user, usuario clicks on Button to confirm login, usuario enters 'brazil' into Caja de texto, usuario types 'ENTER' in Caja de texto, usuario clicks on Button to confirm login], Usuario open device form [usuario clicks on locate field to write computer s.o]]]
[Test worker] WARN net.thucydides.core.steps.BaseStepListener - stepStarted: net.thucydides.core.steps.ExecutedStepDescription@11a215b0
[Test worker] WARN net.thucydides.core.steps.BaseStepListener - stepFinished: current outcome:Simple google search:Example: {strNombre=Hermes, strApellido=diaz, strEmail=hermeci5645sadfsad6agdfgz12@hotmail.com, strMes=5, strDia=28, strAno=1997, strCiudad=Villavicencio, strCodigoPostal=500001, strPais=brazil, strComputer=Windows, strVersion=7, strLanguagePc=spanish, strMobileDevice=Alcatel, strModel=MD01, strOS=Android 2.0, strPassword=HermesDiaz19970528} [Given a web browser on the uTest page [Usuario open up [usuario opens the Choucair utest page], Usuario open sing up form [usuario clicks on Button that shows us the form to register]], When you click on the Joid Today option and the information is filled out
| strNombre | strApellido | strEmail | strMes | strDia | strAno | strCiudad | strCodigoPostal | strPais | strComputer | strVersion | strLanguagePc | strMobileDevice | strModel | strOS | strPassword |
| Hermes | diaz | hermeci5645sadfsad6agdfgz12@hotmail.com | 5 | 28 | 1997 | Villavicencio | 500001 | brazil | Windows | 7 | spanish | Alcatel | MD01 | Android 2.0 | HermesDiaz19970528 | [Usuario open personal form [usuario enters 'Hermes' into where do we write the user, usuario enters 'diaz' into where do we write the user, usuario enters 'hermeci5645sadfsad6agdfgz12@hotmail.com' into where do we write the user, usuario selects index 5 in Button to confirm login, usuario selects index 28 in Button to confirm login, usuario select 1997 on Button to confirm login, usuario clicks on Button to confirm login, usuario enters 'Villavicencio' into where do we write the user, usuario types 'DOWN' in where do we write the user, usuario types 'ENTER' in where do we write the user, usuario enters '500001' into where do we write the user, usuario clicks on Button to confirm login, usuario enters 'brazil' into Caja de texto, usuario types 'ENTER' in Caja de texto, usuario clicks on Button to confirm login], Usuario open device form [usuario clicks on locate field to write computer s.o, usuario enters 'Windows' into locate field to write computer s.o]]]
[Test worker] WARN net.thucydides.core.steps.BaseStepListener - stepStarted: net.thucydides.core.steps.ExecutedStepDescription@1e35022c
[Test worker] WARN net.thucydides.core.steps.BaseStepListener - stepFinished: current outcome:Simple google search:Example: {strNombre=Hermes, strApellido=diaz, strEmail=hermeci5645sadfsad6agdfgz12@hotmail.com, strMes=5, strDia=28, strAno=1997, strCiudad=Villavicencio, strCodigoPostal=500001, strPais=brazil, strComputer=Windows, strVersion=7, strLanguagePc=spanish, strMobileDevice=Alcatel, strModel=MD01, strOS=Android 2.0, strPassword=HermesDiaz19970528} [Given a web browser on the uTest page [Usuario open up [usuario opens the Choucair utest page], Usuario open sing up form [usuario clicks on Button that shows us the form to register]], When you click on the Joid Today option and the information is filled out
| strNombre | strApellido | strEmail | strMes | strDia | strAno | strCiudad | strCodigoPostal | strPais | strComputer | strVersion | strLanguagePc | strMobileDevice | strModel | strOS | strPassword |
| Hermes | diaz | hermeci5645sadfsad6agdfgz12@hotmail.com | 5 | 28 | 1997 | Villavicencio | 500001 | brazil | Windows | 7 | spanish | Alcatel | MD01 | Android 2.0 | HermesDiaz19970528 | [Usuario open personal form [usuario enters 'Hermes' into where do we write the user, usuario enters 'diaz' into where do we write the user, usuario enters 'hermeci5645sadfsad6agdfgz12@hotmail.com' into where do we write the user, usuario selects index 5 in Button to confirm login, usuario selects index 28 in Button to confirm login, usuario select 1997 on Button to confirm login, usuario clicks on Button to confirm login, usuario enters 'Villavicencio' into where do we write the user, usuario types 'DOWN' in where do we write the user, usuario types 'ENTER' in where do we write the user, usuario enters '500001' into where do we write the user, usuario clicks on Button to confirm login, usuario enters 'brazil' into Caja de texto, usuario types 'ENTER' in Caja de texto, usuario clicks on Button to confirm login], Usuario open device form [usuario clicks on locate field to write computer s.o, usuario enters 'Windows' into locate field to write computer s.o, usuario types 'DOWN' in locate field to write computer s.o]]]
[Test worker] WARN net.thucydides.core.steps.BaseStepListener - stepStarted: net.thucydides.core.steps.ExecutedStepDescription@4ca19cc0
[Test worker] WARN net.thucydides.core.steps.BaseStepListener - stepFinished: current outcome:Simple google search:Example: {strNombre=Hermes, strApellido=diaz, strEmail=hermeci5645sadfsad6agdfgz12@hotmail.com, strMes=5, strDia=28, strAno=1997, strCiudad=Villavicencio, strCodigoPostal=500001, strPais=brazil, strComputer=Windows, strVersion=7, strLanguagePc=spanish, strMobileDevice=Alcatel, strModel=MD01, strOS=Android 2.0, strPassword=HermesDiaz19970528} [Given a web browser on the uTest page [Usuario open up [usuario opens the Choucair utest page], Usuario open sing up form [usuario clicks on Button that shows us the form to register]], When you click on the Joid Today option and the information is filled out
| strNombre | strApellido | strEmail | strMes | strDia | strAno | strCiudad | strCodigoPostal | strPais | strComputer | strVersion | strLanguagePc | strMobileDevice | strModel | strOS | strPassword |
| Hermes | diaz | hermeci5645sadfsad6agdfgz12@hotmail.com | 5 | 28 | 1997 | Villavicencio | 500001 | brazil | Windows | 7 | spanish | Alcatel | MD01 | Android 2.0 | HermesDiaz19970528 | [Usuario open personal form [usuario enters 'Hermes' into where do we write the user, usuario enters 'diaz' into where do we write the user, usuario enters 'hermeci5645sadfsad6agdfgz12@hotmail.com' into where do we write the user, usuario selects index 5 in Button to confirm login, usuario selects index 28 in Button to confirm login, usuario select 1997 on Button to confirm login, usuario clicks on Button to confirm login, usuario enters 'Villavicencio' into where do we write the user, usuario types 'DOWN' in where do we write the user, usuario types 'ENTER' in where do we write the user, usuario enters '500001' into where do we write the user, usuario clicks on Button to confirm login, usuario enters 'brazil' into Caja de texto, usuario types 'ENTER' in Caja de texto, usuario clicks on Button to confirm login], Usuario open device form [usuario clicks on locate field to write computer s.o, usuario enters 'Windows' into locate field to write computer s.o, usuario types 'DOWN' in locate field to write computer s.o, usuario types 'ENTER' in locate field to write computer s.o]]]
[Test worker] WARN net.thucydides.core.steps.BaseStepListener - stepStarted: net.thucydides.core.steps.ExecutedStepDescription@60ed3bc0
[Test worker] WARN net.thucydides.core.steps.BaseStepListener - stepFinished: current outcome:Simple google search:Example: {strNombre=Hermes, strApellido=diaz, strEmail=hermeci5645sadfsad6agdfgz12@hotmail.com, strMes=5, strDia=28, strAno=1997, strCiudad=Villavicencio, strCodigoPostal=500001, strPais=brazil, strComputer=Windows, strVersion=7, strLanguagePc=spanish, strMobileDevice=Alcatel, strModel=MD01, strOS=Android 2.0, strPassword=HermesDiaz19970528} [Given a web browser on the uTest page [Usuario open up [usuario opens the Choucair utest page], Usuario open sing up form [usuario clicks on Button that shows us the form to register]], When you click on the Joid Today option and the information is filled out
| strNombre | strApellido | strEmail | strMes | strDia | strAno | strCiudad | strCodigoPostal | strPais | strComputer | strVersion | strLanguagePc | strMobileDevice | strModel | strOS | strPassword |
| Hermes | diaz | hermeci5645sadfsad6agdfgz12@hotmail.com | 5 | 28 | 1997 | Villavicencio | 500001 | brazil | Windows | 7 | spanish | Alcatel | MD01 | Android 2.0 | HermesDiaz19970528 | [Usuario open personal form [usuario enters 'Hermes' into where do we write the user, usuario enters 'diaz' into where do we write the user, usuario enters 'hermeci5645sadfsad6agdfgz12@hotmail.com' into where do we write the user, usuario selects index 5 in Button to confirm login, usuario selects index 28 in Button to confirm login, usuario select 1997 on Button to confirm login, usuario clicks on Button to confirm login, usuario enters 'Villavicencio' into where do we write the user, usuario types 'DOWN' in where do we write the user, usuario types 'ENTER' in where do we write the user, usuario enters '500001' into where do we write the user, usuario clicks on Button to confirm login, usuario enters 'brazil' into Caja de texto, usuario types 'ENTER' in Caja de texto, usuario clicks on Button to confirm login], Usuario open device form [usuario clicks on locate field to write computer s.o, usuario enters 'Windows' into locate field to write computer s.o, usuario types 'DOWN' in locate field to write computer s.o, usuario types 'ENTER' in locate field to write computer s.o, usuario clicks on locate field to write computer s.o]]]
[Test worker] WARN net.thucydides.core.steps.BaseStepListener - stepStarted: net.thucydides.core.steps.ExecutedStepDescription@7e42947e
[Test worker] WARN net.thucydides.core.steps.BaseStepListener - stepFinished: current outcome:Simple google search:Example: {strNombre=Hermes, strApellido=diaz, strEmail=hermeci5645sadfsad6agdfgz12@hotmail.com, strMes=5, strDia=28, strAno=1997, strCiudad=Villavicencio, strCodigoPostal=500001, strPais=brazil, strComputer=Windows, strVersion=7, strLanguagePc=spanish, strMobileDevice=Alcatel, strModel=MD01, strOS=Android 2.0, strPassword=HermesDiaz19970528} [Given a web browser on the uTest page [Usuario open up [usuario opens the Choucair utest page], Usuario open sing up form [usuario clicks on Button that shows us the form to register]], When you click on the Joid Today option and the information is filled out
| strNombre | strApellido | strEmail | strMes | strDia | strAno | strCiudad | strCodigoPostal | strPais | strComputer | strVersion | strLanguagePc | strMobileDevice | strModel | strOS | strPassword |
| Hermes | diaz | hermeci5645sadfsad6agdfgz12@hotmail.com | 5 | 28 | 1997 | Villavicencio | 500001 | brazil | Windows | 7 | spanish | Alcatel | MD01 | Android 2.0 | HermesDiaz19970528 | [Usuario open personal form [usuario enters 'Hermes' into where do we write the user, usuario enters 'diaz' into where do we write the user, usuario enters 'hermeci5645sadfsad6agdfgz12@hotmail.com' into where do we write the user, usuario selects index 5 in Button to confirm login, usuario selects index 28 in Button to confirm login, usuario select 1997 on Button to confirm login, usuario clicks on Button to confirm login, usuario enters 'Villavicencio' into where do we write the user, usuario types 'DOWN' in where do we write the user, usuario types 'ENTER' in where do we write the user, usuario enters '500001' into where do we write the user, usuario clicks on Button to confirm login, usuario enters 'brazil' into Caja de texto, usuario types 'ENTER' in Caja de texto, usuario clicks on Button to confirm login], Usuario open device form [usuario clicks on locate field to write computer s.o, usuario enters 'Windows' into locate field to write computer s.o, usuario types 'DOWN' in locate field to write computer s.o, usuario types 'ENTER' in locate field to write computer s.o, usuario clicks on locate field to write computer s.o, usuario enters '7' into locate field to write version s.o]]]
[Test worker] WARN net.thucydides.core.steps.BaseStepListener - stepStarted: net.thucydides.core.steps.ExecutedStepDescription@39af2835
[Test worker] WARN net.thucydides.core.steps.BaseStepListener - stepFinished: current outcome:Simple google search:Example: {strNombre=Hermes, strApellido=diaz, strEmail=hermeci5645sadfsad6agdfgz12@hotmail.com, strMes=5, strDia=28, strAno=1997, strCiudad=Villavicencio, strCodigoPostal=500001, strPais=brazil, strComputer=Windows, strVersion=7, strLanguagePc=spanish, strMobileDevice=Alcatel, strModel=MD01, strOS=Android 2.0, strPassword=HermesDiaz19970528} [Given a web browser on the uTest page [Usuario open up [usuario opens the Choucair utest page], Usuario open sing up form [usuario clicks on Button that shows us the form to register]], When you click on the Joid Today option and the information is filled out
| strNombre | strApellido | strEmail | strMes | strDia | strAno | strCiudad | strCodigoPostal | strPais | strComputer | strVersion | strLanguagePc | strMobileDevice | strModel | strOS | strPassword |
| Hermes | diaz | hermeci5645sadfsad6agdfgz12@hotmail.com | 5 | 28 | 1997 | Villavicencio | 500001 | brazil | Windows | 7 | spanish | Alcatel | MD01 | Android 2.0 | HermesDiaz19970528 | [Usuario open personal form [usuario enters 'Hermes' into where do we write the user, usuario enters 'diaz' into where do we write the user, usuario enters 'hermeci5645sadfsad6agdfgz12@hotmail.com' into where do we write the user, usuario selects index 5 in Button to confirm login, usuario selects index 28 in Button to confirm login, usuario select 1997 on Button to confirm login, usuario clicks on Button to confirm login, usuario enters 'Villavicencio' into where do we write the user, usuario types 'DOWN' in where do we write the user, usuario types 'ENTER' in where do we write the user, usuario enters '500001' into where do we write the user, usuario clicks on Button to confirm login, usuario enters 'brazil' into Caja de texto, usuario types 'ENTER' in Caja de texto, usuario clicks on Button to confirm login], Usuario open device form [usuario clicks on locate field to write computer s.o, usuario enters 'Windows' into locate field to write computer s.o, usuario types 'DOWN' in locate field to write computer s.o, usuario types 'ENTER' in locate field to write computer s.o, usuario clicks on locate field to write computer s.o, usuario enters '7' into locate field to write version s.o, usuario types 'DOWN' in locate field to write version s.o]]]
[Test worker] WARN net.thucydides.core.steps.BaseStepListener - stepStarted: net.thucydides.core.steps.ExecutedStepDescription@40ef8422
[Test worker] WARN net.thucydides.core.steps.BaseStepListener - stepFinished: current outcome:Simple google search:Example: {strNombre=Hermes, strApellido=diaz, strEmail=hermeci5645sadfsad6agdfgz12@hotmail.com, strMes=5, strDia=28, strAno=1997, strCiudad=Villavicencio, strCodigoPostal=500001, strPais=brazil, strComputer=Windows, strVersion=7, strLanguagePc=spanish, strMobileDevice=Alcatel, strModel=MD01, strOS=Android 2.0, strPassword=HermesDiaz19970528} [Given a web browser on the uTest page [Usuario open up [usuario opens the Choucair utest page], Usuario open sing up form [usuario clicks on Button that shows us the form to register]], When you click on the Joid Today option and the information is filled out
| strNombre | strApellido | strEmail | strMes | strDia | strAno | strCiudad | strCodigoPostal | strPais | strComputer | strVersion | strLanguagePc | strMobileDevice | strModel | strOS | strPassword |
| Hermes | diaz | hermeci5645sadfsad6agdfgz12@hotmail.com | 5 | 28 | 1997 | Villavicencio | 500001 | brazil | Windows | 7 | spanish | Alcatel | MD01 | Android 2.0 | HermesDiaz19970528 | [Usuario open personal form [usuario enters 'Hermes' into where do we write the user, usuario enters 'diaz' into where do we write the user, usuario enters 'hermeci5645sadfsad6agdfgz12@hotmail.com' into where do we write the user, usuario selects index 5 in Button to confirm login, usuario selects index 28 in Button to confirm login, usuario select 1997 on Button to confirm login, usuario clicks on Button to confirm login, usuario enters 'Villavicencio' into where do we write the user, usuario types 'DOWN' in where do we write the user, usuario types 'ENTER' in where do we write the user, usuario enters '500001' into where do we write the user, usuario clicks on Button to confirm login, usuario enters 'brazil' into Caja de texto, usuario types 'ENTER' in Caja de texto, usuario clicks on Button to confirm login], Usuario open device form [usuario clicks on locate field to write computer s.o, usuario enters 'Windows' into locate field to write computer s.o, usuario types 'DOWN' in locate field to write computer s.o, usuario types 'ENTER' in locate field to write computer s.o, usuario clicks on locate field to write computer s.o, usuario enters '7' into locate field to write version s.o, usuario types 'DOWN' in locate field to write version s.o, usuario types 'ENTER' in locate field to write version s.o]]]
[Test worker] WARN net.thucydides.core.steps.BaseStepListener - stepStarted: net.thucydides.core.steps.ExecutedStepDescription@39995e27
[Test worker] WARN net.thucydides.core.steps.BaseStepListener - stepFinished: current outcome:Simple google search:Example: {strNombre=Hermes, strApellido=diaz, strEmail=hermeci5645sadfsad6agdfgz12@hotmail.com, strMes=5, strDia=28, strAno=1997, strCiudad=Villavicencio, strCodigoPostal=500001, strPais=brazil, strComputer=Windows, strVersion=7, strLanguagePc=spanish, strMobileDevice=Alcatel, strModel=MD01, strOS=Android 2.0, strPassword=HermesDiaz19970528} [Given a web browser on the uTest page [Usuario open up [usuario opens the Choucair utest page], Usuario open sing up form [usuario clicks on Button that shows us the form to register]], When you click on the Joid Today option and the information is filled out
| strNombre | strApellido | strEmail | strMes | strDia | strAno | strCiudad | strCodigoPostal | strPais | strComputer | strVersion | strLanguagePc | strMobileDevice | strModel | strOS | strPassword |
| Hermes | diaz | hermeci5645sadfsad6agdfgz12@hotmail.com | 5 | 28 | 1997 | Villavicencio | 500001 | brazil | Windows | 7 | spanish | Alcatel | MD01 | Android 2.0 | HermesDiaz19970528 | [Usuario open personal form [usuario enters 'Hermes' into where do we write the user, usuario enters 'diaz' into where do we write the user, usuario enters 'hermeci5645sadfsad6agdfgz12@hotmail.com' into where do we write the user, usuario selects index 5 in Button to confirm login, usuario selects index 28 in Button to confirm login, usuario select 1997 on Button to confirm login, usuario clicks on Button to confirm login, usuario enters 'Villavicencio' into where do we write the user, usuario types 'DOWN' in where do we write the user, usuario types 'ENTER' in where do we write the user, usuario enters '500001' into where do we write the user, usuario clicks on Button to confirm login, usuario enters 'brazil' into Caja de texto, usuario types 'ENTER' in Caja de texto, usuario clicks on Button to confirm login], Usuario open device form [usuario clicks on locate field to write computer s.o, usuario enters 'Windows' into locate field to write computer s.o, usuario types 'DOWN' in locate field to write computer s.o, usuario types 'ENTER' in locate field to write computer s.o, usuario clicks on locate field to write computer s.o, usuario enters '7' into locate field to write version s.o, usuario types 'DOWN' in locate field to write version s.o, usuario types 'ENTER' in locate field to write version s.o, usuario clicks on locate field to write language PC]]]
[Test worker] WARN net.thucydides.core.steps.BaseStepListener - stepStarted: net.thucydides.core.steps.ExecutedStepDescription@da98e87
[Test worker] WARN net.thucydides.core.steps.BaseStepListener - stepFinished: current outcome:Simple google search:Example: {strNombre=Hermes, strApellido=diaz, strEmail=hermeci5645sadfsad6agdfgz12@hotmail.com, strMes=5, strDia=28, strAno=1997, strCiudad=Villavicencio, strCodigoPostal=500001, strPais=brazil, strComputer=Windows, strVersion=7, strLanguagePc=spanish, strMobileDevice=Alcatel, strModel=MD01, strOS=Android 2.0, strPassword=HermesDiaz19970528} [Given a web browser on the uTest page [Usuario open up [usuario opens the Choucair utest page], Usuario open sing up form [usuario clicks on Button that shows us the form to register]], When you click on the Joid Today option and the information is filled out
| strNombre | strApellido | strEmail | strMes | strDia | strAno | strCiudad | strCodigoPostal | strPais | strComputer | strVersion | strLanguagePc | strMobileDevice | strModel | strOS | strPassword |
| Hermes | diaz | hermeci5645sadfsad6agdfgz12@hotmail.com | 5 | 28 | 1997 | Villavicencio | 500001 | brazil | Windows | 7 | spanish | Alcatel | MD01 | Android 2.0 | HermesDiaz19970528 | [Usuario open personal form [usuario enters 'Hermes' into where do we write the user, usuario enters 'diaz' into where do we write the user, usuario enters 'hermeci5645sadfsad6agdfgz12@hotmail.com' into where do we write the user, usuario selects index 5 in Button to confirm login, usuario selects index 28 in Button to confirm login, usuario select 1997 on Button to confirm login, usuario clicks on Button to confirm login, usuario enters 'Villavicencio' into where do we write the user, usuario types 'DOWN' in where do we write the user, usuario types 'ENTER' in where do we write the user, usuario enters '500001' into where do we write the user, usuario clicks on Button to confirm login, usuario enters 'brazil' into Caja de texto, usuario types 'ENTER' in Caja de texto, usuario clicks on Button to confirm login], Usuario open device form [usuario clicks on locate field to write computer s.o, usuario enters 'Windows' into locate field to write computer s.o, usuario types 'DOWN' in locate field to write computer s.o, usuario types 'ENTER' in locate field to write computer s.o, usuario clicks on locate field to write computer s.o, usuario enters '7' into locate field to write version s.o, usuario types 'DOWN' in locate field to write version s.o, usuario types 'ENTER' in locate field to write version s.o, usuario clicks on locate field to write language PC, usuario enters 'spanish' into locate field to write Language PC]]]
[Test worker] WARN net.thucydides.core.steps.BaseStepListener - stepStarted: net.thucydides.core.steps.ExecutedStepDescription@612bb5e4
[Test worker] WARN net.thucydides.core.steps.BaseStepListener - stepFinished: current outcome:Simple google search:Example: {strNombre=Hermes, strApellido=diaz, strEmail=hermeci5645sadfsad6agdfgz12@hotmail.com, strMes=5, strDia=28, strAno=1997, strCiudad=Villavicencio, strCodigoPostal=500001, strPais=brazil, strComputer=Windows, strVersion=7, strLanguagePc=spanish, strMobileDevice=Alcatel, strModel=MD01, strOS=Android 2.0, strPassword=HermesDiaz19970528} [Given a web browser on the uTest page [Usuario open up [usuario opens the Choucair utest page], Usuario open sing up form [usuario clicks on Button that shows us the form to register]], When you click on the Joid Today option and the information is filled out
| strNombre | strApellido | strEmail | strMes | strDia | strAno | strCiudad | strCodigoPostal | strPais | strComputer | strVersion | strLanguagePc | strMobileDevice | strModel | strOS | strPassword |
| Hermes | diaz | hermeci5645sadfsad6agdfgz12@hotmail.com | 5 | 28 | 1997 | Villavicencio | 500001 | brazil | Windows | 7 | spanish | Alcatel | MD01 | Android 2.0 | HermesDiaz19970528 | [Usuario open personal form [usuario enters 'Hermes' into where do we write the user, usuario enters 'diaz' into where do we write the user, usuario enters 'hermeci5645sadfsad6agdfgz12@hotmail.com' into where do we write the user, usuario selects index 5 in Button to confirm login, usuario selects index 28 in Button to confirm login, usuario select 1997 on Button to confirm login, usuario clicks on Button to confirm login, usuario enters 'Villavicencio' into where do we write the user, usuario types 'DOWN' in where do we write the user, usuario types 'ENTER' in where do we write the user, usuario enters '500001' into where do we write the user, usuario clicks on Button to confirm login, usuario enters 'brazil' into Caja de texto, usuario types 'ENTER' in Caja de texto, usuario clicks on Button to confirm login], Usuario open device form [usuario clicks on locate field to write computer s.o, usuario enters 'Windows' into locate field to write computer s.o, usuario types 'DOWN' in locate field to write computer s.o, usuario types 'ENTER' in locate field to write computer s.o, usuario clicks on locate field to write computer s.o, usuario enters '7' into locate field to write version s.o, usuario types 'DOWN' in locate field to write version s.o, usuario types 'ENTER' in locate field to write version s.o, usuario clicks on locate field to write language PC, usuario enters 'spanish' into locate field to write Language PC, usuario types 'DOWN' in locate field to write Language PC]]]
[Test worker] WARN net.thucydides.core.steps.BaseStepListener - stepStarted: net.thucydides.core.steps.ExecutedStepDescription@5b8e9c9f
[Test worker] WARN net.thucydides.core.steps.BaseStepListener - stepFinished: current outcome:Simple google search:Example: {strNombre=Hermes, strApellido=diaz, strEmail=hermeci5645sadfsad6agdfgz12@hotmail.com, strMes=5, strDia=28, strAno=1997, strCiudad=Villavicencio, strCodigoPostal=500001, strPais=brazil, strComputer=Windows, strVersion=7, strLanguagePc=spanish, strMobileDevice=Alcatel, strModel=MD01, strOS=Android 2.0, strPassword=HermesDiaz19970528} [Given a web browser on the uTest page [Usuario open up [usuario opens the Choucair utest page], Usuario open sing up form [usuario clicks on Button that shows us the form to register]], When you click on the Joid Today option and the information is filled out
| strNombre | strApellido | strEmail | strMes | strDia | strAno | strCiudad | strCodigoPostal | strPais | strComputer | strVersion | strLanguagePc | strMobileDevice | strModel | strOS | strPassword |
| Hermes | diaz | hermeci5645sadfsad6agdfgz12@hotmail.com | 5 | 28 | 1997 | Villavicencio | 500001 | brazil | Windows | 7 | spanish | Alcatel | MD01 | Android 2.0 | HermesDiaz19970528 | [Usuario open personal form [usuario enters 'Hermes' into where do we write the user, usuario enters 'diaz' into where do we write the user, usuario enters 'hermeci5645sadfsad6agdfgz12@hotmail.com' into where do we write the user, usuario selects index 5 in Button to confirm login, usuario selects index 28 in Button to confirm login, usuario select 1997 on Button to confirm login, usuario clicks on Button to confirm login, usuario enters 'Villavicencio' into where do we write the user, usuario types 'DOWN' in where do we write the user, usuario types 'ENTER' in where do we write the user, usuario enters '500001' into where do we write the user, usuario clicks on Button to confirm login, usuario enters 'brazil' into Caja de texto, usuario types 'ENTER' in Caja de texto, usuario clicks on Button to confirm login], Usuario open device form [usuario clicks on locate field to write computer s.o, usuario enters 'Windows' into locate field to write computer s.o, usuario types 'DOWN' in locate field to write computer s.o, usuario types 'ENTER' in locate field to write computer s.o, usuario clicks on locate field to write computer s.o, usuario enters '7' into locate field to write version s.o, usuario types 'DOWN' in locate field to write version s.o, usuario types 'ENTER' in locate field to write version s.o, usuario clicks on locate field to write language PC, usuario enters 'spanish' into locate field to write Language PC, usuario types 'DOWN' in locate field to write Language PC, usuario types 'ENTER' in locate field to write Language PC]]]
[Test worker] WARN net.thucydides.core.steps.BaseStepListener - stepStarted: net.thucydides.core.steps.ExecutedStepDescription@3bb3a56
[Test worker] WARN net.thucydides.core.steps.BaseStepListener - stepFinished: current outcome:Simple google search:Example: {strNombre=Hermes, strApellido=diaz, strEmail=hermeci5645sadfsad6agdfgz12@hotmail.com, strMes=5, strDia=28, strAno=1997, strCiudad=Villavicencio, strCodigoPostal=500001, strPais=brazil, strComputer=Windows, strVersion=7, strLanguagePc=spanish, strMobileDevice=Alcatel, strModel=MD01, strOS=Android 2.0, strPassword=HermesDiaz19970528} [Given a web browser on the uTest page [Usuario open up [usuario opens the Choucair utest page], Usuario open sing up form [usuario clicks on Button that shows us the form to register]], When you click on the Joid Today option and the information is filled out
| strNombre | strApellido | strEmail | strMes | strDia | strAno | strCiudad | strCodigoPostal | strPais | strComputer | strVersion | strLanguagePc | strMobileDevice | strModel | strOS | strPassword |
| Hermes | diaz | hermeci5645sadfsad6agdfgz12@hotmail.com | 5 | 28 | 1997 | Villavicencio | 500001 | brazil | Windows | 7 | spanish | Alcatel | MD01 | Android 2.0 | HermesDiaz19970528 | [Usuario open personal form [usuario enters 'Hermes' into where do we write the user, usuario enters 'diaz' into where do we write the user, usuario enters 'hermeci5645sadfsad6agdfgz12@hotmail.com' into where do we write the user, usuario selects index 5 in Button to confirm login, usuario selects index 28 in Button to confirm login, usuario select 1997 on Button to confirm login, usuario clicks on Button to confirm login, usuario enters 'Villavicencio' into where do we write the user, usuario types 'DOWN' in where do we write the user, usuario types 'ENTER' in where do we write the user, usuario enters '500001' into where do we write the user, usuario clicks on Button to confirm login, usuario enters 'brazil' into Caja de texto, usuario types 'ENTER' in Caja de texto, usuario clicks on Button to confirm login], Usuario open device form [usuario clicks on locate field to write computer s.o, usuario enters 'Windows' into locate field to write computer s.o, usuario types 'DOWN' in locate field to write computer s.o, usuario types 'ENTER' in locate field to write computer s.o, usuario clicks on locate field to write computer s.o, usuario enters '7' into locate field to write version s.o, usuario types 'DOWN' in locate field to write version s.o, usuario types 'ENTER' in locate field to write version s.o, usuario clicks on locate field to write language PC, usuario enters 'spanish' into locate field to write Language PC, usuario types 'DOWN' in locate field to write Language PC, usuario types 'ENTER' in locate field to write Language PC, usuario clicks on locate field to write mobile device]]]
[Test worker] WARN net.thucydides.core.steps.BaseStepListener - stepStarted: net.thucydides.core.steps.ExecutedStepDescription@9098b3d
[Test worker] WARN net.thucydides.core.steps.BaseStepListener - stepFinished: current outcome:Simple google search:Example: {strNombre=Hermes, strApellido=diaz, strEmail=hermeci5645sadfsad6agdfgz12@hotmail.com, strMes=5, strDia=28, strAno=1997, strCiudad=Villavicencio, strCodigoPostal=500001, strPais=brazil, strComputer=Windows, strVersion=7, strLanguagePc=spanish, strMobileDevice=Alcatel, strModel=MD01, strOS=Android 2.0, strPassword=HermesDiaz19970528} [Given a web browser on the uTest page [Usuario open up [usuario opens the Choucair utest page], Usuario open sing up form [usuario clicks on Button that shows us the form to register]], When you click on the Joid Today option and the information is filled out
| strNombre | strApellido | strEmail | strMes | strDia | strAno | strCiudad | strCodigoPostal | strPais | strComputer | strVersion | strLanguagePc | strMobileDevice | strModel | strOS | strPassword |
| Hermes | diaz | hermeci5645sadfsad6agdfgz12@hotmail.com | 5 | 28 | 1997 | Villavicencio | 500001 | brazil | Windows | 7 | spanish | Alcatel | MD01 | Android 2.0 | HermesDiaz19970528 | [Usuario open personal form [usuario enters 'Hermes' into where do we write the user, usuario enters 'diaz' into where do we write the user, usuario enters 'hermeci5645sadfsad6agdfgz12@hotmail.com' into where do we write the user, usuario selects index 5 in Button to confirm login, usuario selects index 28 in Button to confirm login, usuario select 1997 on Button to confirm login, usuario clicks on Button to confirm login, usuario enters 'Villavicencio' into where do we write the user, usuario types 'DOWN' in where do we write the user, usuario types 'ENTER' in where do we write the user, usuario enters '500001' into where do we write the user, usuario clicks on Button to confirm login, usuario enters 'brazil' into Caja de texto, usuario types 'ENTER' in Caja de texto, usuario clicks on Button to confirm login], Usuario open device form [usuario clicks on locate field to write computer s.o, usuario enters 'Windows' into locate field to write computer s.o, usuario types 'DOWN' in locate field to write computer s.o, usuario types 'ENTER' in locate field to write computer s.o, usuario clicks on locate field to write computer s.o, usuario enters '7' into locate field to write version s.o, usuario types 'DOWN' in locate field to write version s.o, usuario types 'ENTER' in locate field to write version s.o, usuario clicks on locate field to write language PC, usuario enters 'spanish' into locate field to write Language PC, usuario types 'DOWN' in locate field to write Language PC, usuario types 'ENTER' in locate field to write Language PC, usuario clicks on locate field to write mobile device, usuario enters 'Alcatel' into locate field to write mobile device]]]
[Test worker] WARN net.thucydides.core.steps.BaseStepListener - stepStarted: net.thucydides.core.steps.ExecutedStepDescription@7fd1c636
[Test worker] WARN net.thucydides.core.steps.BaseStepListener - stepFinished: current outcome:Simple google search:Example: {strNombre=Hermes, strApellido=diaz, strEmail=hermeci5645sadfsad6agdfgz12@hotmail.com, strMes=5, strDia=28, strAno=1997, strCiudad=Villavicencio, strCodigoPostal=500001, strPais=brazil, strComputer=Windows, strVersion=7, strLanguagePc=spanish, strMobileDevice=Alcatel, strModel=MD01, strOS=Android 2.0, strPassword=HermesDiaz19970528} [Given a web browser on the uTest page [Usuario open up [usuario opens the Choucair utest page], Usuario open sing up form [usuario clicks on Button that shows us the form to register]], When you click on the Joid Today option and the information is filled out
| strNombre | strApellido | strEmail | strMes | strDia | strAno | strCiudad | strCodigoPostal | strPais | strComputer | strVersion | strLanguagePc | strMobileDevice | strModel | strOS | strPassword |
| Hermes | diaz | hermeci5645sadfsad6agdfgz12@hotmail.com | 5 | 28 | 1997 | Villavicencio | 500001 | brazil | Windows | 7 | spanish | Alcatel | MD01 | Android 2.0 | HermesDiaz19970528 | [Usuario open personal form [usuario enters 'Hermes' into where do we write the user, usuario enters 'diaz' into where do we write the user, usuario enters 'hermeci5645sadfsad6agdfgz12@hotmail.com' into where do we write the user, usuario selects index 5 in Button to confirm login, usuario selects index 28 in Button to confirm login, usuario select 1997 on Button to confirm login, usuario clicks on Button to confirm login, usuario enters 'Villavicencio' into where do we write the user, usuario types 'DOWN' in where do we write the user, usuario types 'ENTER' in where do we write the user, usuario enters '500001' into where do we write the user, usuario clicks on Button to confirm login, usuario enters 'brazil' into Caja de texto, usuario types 'ENTER' in Caja de texto, usuario clicks on Button to confirm login], Usuario open device form [usuario clicks on locate field to write computer s.o, usuario enters 'Windows' into locate field to write computer s.o, usuario types 'DOWN' in locate field to write computer s.o, usuario types 'ENTER' in locate field to write computer s.o, usuario clicks on locate field to write computer s.o, usuario enters '7' into locate field to write version s.o, usuario types 'DOWN' in locate field to write version s.o, usuario types 'ENTER' in locate field to write version s.o, usuario clicks on locate field to write language PC, usuario enters 'spanish' into locate field to write Language PC, usuario types 'DOWN' in locate field to write Language PC, usuario types 'ENTER' in locate field to write Language PC, usuario clicks on locate field to write mobile device, usuario enters 'Alcatel' into locate field to write mobile device, usuario types 'DOWN' in locate field to write mobile device]]]
[Test worker] WARN net.thucydides.core.steps.BaseStepListener - stepStarted: net.thucydides.core.steps.ExecutedStepDescription@54568967
[Test worker] WARN net.thucydides.core.steps.BaseStepListener - stepFinished: current outcome:Simple google search:Example: {strNombre=Hermes, strApellido=diaz, strEmail=hermeci5645sadfsad6agdfgz12@hotmail.com, strMes=5, strDia=28, strAno=1997, strCiudad=Villavicencio, strCodigoPostal=500001, strPais=brazil, strComputer=Windows, strVersion=7, strLanguagePc=spanish, strMobileDevice=Alcatel, strModel=MD01, strOS=Android 2.0, strPassword=HermesDiaz19970528} [Given a web browser on the uTest page [Usuario open up [usuario opens the Choucair utest page], Usuario open sing up form [usuario clicks on Button that shows us the form to register]], When you click on the Joid Today option and the information is filled out
| strNombre | strApellido | strEmail | strMes | strDia | strAno | strCiudad | strCodigoPostal | strPais | strComputer | strVersion | strLanguagePc | strMobileDevice | strModel | strOS | strPassword |
| Hermes | diaz | hermeci5645sadfsad6agdfgz12@hotmail.com | 5 | 28 | 1997 | Villavicencio | 500001 | brazil | Windows | 7 | spanish | Alcatel | MD01 | Android 2.0 | HermesDiaz19970528 | [Usuario open personal form [usuario enters 'Hermes' into where do we write the user, usuario enters 'diaz' into where do we write the user, usuario enters 'hermeci5645sadfsad6agdfgz12@hotmail.com' into where do we write the user, usuario selects index 5 in Button to confirm login, usuario selects index 28 in Button to confirm login, usuario select 1997 on Button to confirm login, usuario clicks on Button to confirm login, usuario enters 'Villavicencio' into where do we write the user, usuario types 'DOWN' in where do we write the user, usuario types 'ENTER' in where do we write the user, usuario enters '500001' into where do we write the user, usuario clicks on Button to confirm login, usuario enters 'brazil' into Caja de texto, usuario types 'ENTER' in Caja de texto, usuario clicks on Button to confirm login], Usuario open device form [usuario clicks on locate field to write computer s.o, usuario enters 'Windows' into locate field to write computer s.o, usuario types 'DOWN' in locate field to write computer s.o, usuario types 'ENTER' in locate field to write computer s.o, usuario clicks on locate field to write computer s.o, usuario enters '7' into locate field to write version s.o, usuario types 'DOWN' in locate field to write version s.o, usuario types 'ENTER' in locate field to write version s.o, usuario clicks on locate field to write language PC, usuario enters 'spanish' into locate field to write Language PC, usuario types 'DOWN' in locate field to write Language PC, usuario types 'ENTER' in locate field to write Language PC, usuario clicks on locate field to write mobile device, usuario enters 'Alcatel' into locate field to write mobile device, usuario types 'DOWN' in locate field to write mobile device, usuario types 'ENTER' in locate field to write mobile device]]]
[Test worker] WARN net.thucydides.core.steps.BaseStepListener - stepStarted: net.thucydides.core.steps.ExecutedStepDescription@77cd243a
[Test worker] WARN net.thucydides.core.steps.BaseStepListener - stepFinished: current outcome:Simple google search:Example: {strNombre=Hermes, strApellido=diaz, strEmail=hermeci5645sadfsad6agdfgz12@hotmail.com, strMes=5, strDia=28, strAno=1997, strCiudad=Villavicencio, strCodigoPostal=500001, strPais=brazil, strComputer=Windows, strVersion=7, strLanguagePc=spanish, strMobileDevice=Alcatel, strModel=MD01, strOS=Android 2.0, strPassword=HermesDiaz19970528} [Given a web browser on the uTest page [Usuario open up [usuario opens the Choucair utest page], Usuario open sing up form [usuario clicks on Button that shows us the form to register]], When you click on the Joid Today option and the information is filled out
| strNombre | strApellido | strEmail | strMes | strDia | strAno | strCiudad | strCodigoPostal | strPais | strComputer | strVersion | strLanguagePc | strMobileDevice | strModel | strOS | strPassword |
[...]
| strNombre | strApellido | strEmail | strMes | strDia | strAno | strCiudad | strCodigoPostal | strPais | strComputer | strVersion | strLanguagePc | strMobileDevice | strModel | strOS | strPassword |
| Hermes | diaz | hermeci5645sadfsad6agdfgz12@hotmail.com | 5 | 28 | 1997 | Villavicencio | 500001 | brazil | Windows | 7 | spanish | Alcatel | MD01 | Android 2.0 | HermesDiaz19970528 | [Usuario open personal form [usuario enters 'Hermes' into where do we write the user, usuario enters 'diaz' into where do we write the user, usuario enters 'hermeci5645sadfsad6agdfgz12@hotmail.com' into where do we write the user, usuario selects index 5 in Button to confirm login, usuario selects index 28 in Button to confirm login, usuario select 1997 on Button to confirm login, usuario clicks on Button to confirm login, usuario enters 'Villavicencio' into where do we write the user, usuario types 'DOWN' in where do we write the user, usuario types 'ENTER' in where do we write the user, usuario enters '500001' into where do we write the user, usuario clicks on Button to confirm login, usuario enters 'brazil' into Caja de texto, usuario types 'ENTER' in Caja de texto, usuario clicks on Button to confirm login], Usuario open device form [usuario clicks on locate field to write computer s.o, usuario enters 'Windows' into locate field to write computer s.o, usuario types 'DOWN' in locate field to write computer s.o, usuario types 'ENTER' in locate field to write computer s.o, usuario clicks on locate field to write computer s.o, usuario enters '7' into locate field to write version s.o, usuario types 'DOWN' in locate field to write version s.o, usuario types 'ENTER' in locate field to write version s.o, usuario clicks on locate field to write language PC, usuario enters 'spanish' into locate field to write Language PC, usuario types 'DOWN' in locate field to write Language PC, usuario types 'ENTER' in locate field to write Language PC, usuario clicks on locate field to write mobile device, usuario enters 'Alcatel' into locate field to write mobile device, usuario types 'DOWN' in locate field to write mobile device, usuario types 'ENTER' in locate field to write mobile device, usuario clicks on locate field to write model device, usuario enters 'MD01' into locate field to write model device, usuario types 'DOWN' in locate field to write model device, usuario types 'ENTER' in locate field to write model device, usuario clicks on locate field to write mobile device os, usuario enters 'Android 2.0' into locate field to write mobile device os, usuario types 'DOWN' in locate field to write mobile device os, usuario types 'ENTER' in locate field to write mobile device os, usuario clicks on locate button to next stepFour, last step], Usuario open password form [usuario enters 'HermesDiaz19970528' into locate input to write password, usuario enters 'HermesDiaz19970528' into locate input to write confirm password, usuario clicks on locate checkbox to accept receive info, usuario clicks on locate checkbox to accept terms use, usuario clicks on locate checkbox to accept privacy and security policy, usuario clicks on locate button finish signup process]], Then a new user account must be created]
[Test worker] WARN net.thucydides.core.steps.BaseStepListener - stepFinished: current outcome:Simple google search:Example: {strNombre=Hermes, strApellido=diaz, strEmail=hermeci5645sadfsad6agdfgz12@hotmail.com, strMes=5, strDia=28, strAno=1997, strCiudad=Villavicencio, strCodigoPostal=500001, strPais=brazil, strComputer=Windows, strVersion=7, strLanguagePc=spanish, strMobileDevice=Alcatel, strModel=MD01, strOS=Android 2.0, strPassword=HermesDiaz19970528} [Given a web browser on the uTest page [Usuario open up [usuario opens the Choucair utest page], Usuario open sing up form [usuario clicks on Button that shows us the form to register]], When you click on the Joid Today option and the information is filled out
| strNombre | strApellido | strEmail | strMes | strDia | strAno | strCiudad | strCodigoPostal | strPais | strComputer | strVersion | strLanguagePc | strMobileDevice | strModel | strOS | strPassword |
| Hermes | diaz | hermeci5645sadfsad6agdfgz12@hotmail.com | 5 | 28 | 1997 | Villavicencio | 500001 | brazil | Windows | 7 | spanish | Alcatel | MD01 | Android 2.0 | HermesDiaz19970528 | [Usuario open personal form [usuario enters 'Hermes' into where do we write the user, usuario enters 'diaz' into where do we write the user, usuario enters 'hermeci5645sadfsad6agdfgz12@hotmail.com' into where do we write the user, usuario selects index 5 in Button to confirm login, usuario selects index 28 in Button to confirm login, usuario select 1997 on Button to confirm login, usuario clicks on Button to confirm login, usuario enters 'Villavicencio' into where do we write the user, usuario types 'DOWN' in where do we write the user, usuario types 'ENTER' in where do we write the user, usuario enters '500001' into where do we write the user, usuario clicks on Button to confirm login, usuario enters 'brazil' into Caja de texto, usuario types 'ENTER' in Caja de texto, usuario clicks on Button to confirm login], Usuario open device form [usuario clicks on locate field to write computer s.o, usuario enters 'Windows' into locate field to write computer s.o, usuario types 'DOWN' in locate field to write computer s.o, usuario types 'ENTER' in locate field to write computer s.o, usuario clicks on locate field to write computer s.o, usuario enters '7' into locate field to write version s.o, usuario types 'DOWN' in locate field to write version s.o, usuario types 'ENTER' in locate field to write version s.o, usuario clicks on locate field to write language PC, usuario enters 'spanish' into locate field to write Language PC, usuario types 'DOWN' in locate field to write Language PC, usuario types 'ENTER' in locate field to write Language PC, usuario clicks on locate field to write mobile device, usuario enters 'Alcatel' into locate field to write mobile device, usuario types 'DOWN' in locate field to write mobile device, usuario types 'ENTER' in locate field to write mobile device, usuario clicks on locate field to write model device, usuario enters 'MD01' into locate field to write model device, usuario types 'DOWN' in locate field to write model device, usuario types 'ENTER' in locate field to write model device, usuario clicks on locate field to write mobile device os, usuario enters 'Android 2.0' into locate field to write mobile device os, usuario types 'DOWN' in locate field to write mobile device os, usuario types 'ENTER' in locate field to write mobile device os, usuario clicks on locate button to next stepFour, last step], Usuario open password form [usuario enters 'HermesDiaz19970528' into locate input to write password, usuario enters 'HermesDiaz19970528' into locate input to write confirm password, usuario clicks on locate checkbox to accept receive info, usuario clicks on locate checkbox to accept terms use, usuario clicks on locate checkbox to accept privacy and security policy, usuario clicks on locate button finish signup process]], Then a new user account must be created]
[Test worker] WARN net.thucydides.core.steps.BaseStepListener - testFinished: Simple google search:Example: {strNombre=Hermes, strApellido=diaz, strEmail=hermeci5645sadfsad6agdfgz12@hotmail.com, strMes=5, strDia=28, strAno=1997, strCiudad=Villavicencio, strCodigoPostal=500001, strPais=brazil, strComputer=Windows, strVersion=7, strLanguagePc=spanish, strMobileDevice=Alcatel, strModel=MD01, strOS=Android 2.0, strPassword=HermesDiaz19970528} [Given a web browser on the uTest page [Usuario open up [usuario opens the Choucair utest page], Usuario open sing up form [usuario clicks on Button that shows us the form to register]], When you click on the Joid Today option and the information is filled out
| strNombre | strApellido | strEmail | strMes | strDia | strAno | strCiudad | strCodigoPostal | strPais | strComputer | strVersion | strLanguagePc | strMobileDevice | strModel | strOS | strPassword |
| Hermes | diaz | hermeci5645sadfsad6agdfgz12@hotmail.com | 5 | 28 | 1997 | Villavicencio | 500001 | brazil | Windows | 7 | spanish | Alcatel | MD01 | Android 2.0 | HermesDiaz19970528 | [Usuario open personal form [usuario enters 'Hermes' into where do we write the user, usuario enters 'diaz' into where do we write the user, usuario enters 'hermeci5645sadfsad6agdfgz12@hotmail.com' into where do we write the user, usuario selects index 5 in Button to confirm login, usuario selects index 28 in Button to confirm login, usuario select 1997 on Button to confirm login, usuario clicks on Button to confirm login, usuario enters 'Villavicencio' into where do we write the user, usuario types 'DOWN' in where do we write the user, usuario types 'ENTER' in where do we write the user, usuario enters '500001' into where do we write the user, usuario clicks on Button to confirm login, usuario enters 'brazil' into Caja de texto, usuario types 'ENTER' in Caja de texto, usuario clicks on Button to confirm login], Usuario open device form [usuario clicks on locate field to write computer s.o, usuario enters 'Windows' into locate field to write computer s.o, usuario types 'DOWN' in locate field to write computer s.o, usuario types 'ENTER' in locate field to write computer s.o, usuario clicks on locate field to write computer s.o, usuario enters '7' into locate field to write version s.o, usuario types 'DOWN' in locate field to write version s.o, usuario types 'ENTER' in locate field to write version s.o, usuario clicks on locate field to write language PC, usuario enters 'spanish' into locate field to write Language PC, usuario types 'DOWN' in locate field to write Language PC, usuario types 'ENTER' in locate field to write Language PC, usuario clicks on locate field to write mobile device, usuario enters 'Alcatel' into locate field to write mobile device, usuario types 'DOWN' in locate field to write mobile device, usuario types 'ENTER' in locate field to write mobile device, usuario clicks on locate field to write model device, usuario enters 'MD01' into locate field to write model device, usuario types 'DOWN' in locate field to write model device, usuario types 'ENTER' in locate field to write model device, usuario clicks on locate field to write mobile device os, usuario enters 'Android 2.0' into locate field to write mobile device os, usuario types 'DOWN' in locate field to write mobile device os, usuario types 'ENTER' in locate field to write mobile device os, usuario clicks on locate button to next stepFour, last step], Usuario open password form [usuario enters 'HermesDiaz19970528' into locate input to write password, usuario enters 'HermesDiaz19970528' into locate input to write confirm password, usuario clicks on locate checkbox to accept receive info, usuario clicks on locate checkbox to accept terms use, usuario clicks on locate checkbox to accept privacy and security policy, usuario clicks on locate button finish signup process]], Then a new user account must be created]
[Test worker] WARN net.thucydides.core.steps.BaseStepListener - TestOutcomes: [Simple google search:Example: {strNombre=Hermes, strApellido=diaz, strEmail=hermeci5645sadfsad6agdfgz12@hotmail.com, strMes=5, strDia=28, strAno=1997, strCiudad=Villavicencio, strCodigoPostal=500001, strPais=brazil, strComputer=Windows, strVersion=7, strLanguagePc=spanish, strMobileDevice=Alcatel, strModel=MD01, strOS=Android 2.0, strPassword=HermesDiaz19970528} [Given a web browser on the uTest page [Usuario open up [usuario opens the Choucair utest page], Usuario open sing up form [usuario clicks on Button that shows us the form to register]], When you click on the Joid Today option and the information is filled out
| strNombre | strApellido | strEmail | strMes | strDia | strAno | strCiudad | strCodigoPostal | strPais | strComputer | strVersion | strLanguagePc | strMobileDevice | strModel | strOS | strPassword |
| Hermes | diaz | hermeci5645sadfsad6agdfgz12@hotmail.com | 5 | 28 | 1997 | Villavicencio | 500001 | brazil | Windows | 7 | spanish | Alcatel | MD01 | Android 2.0 | HermesDiaz19970528 | [Usuario open personal form [usuario enters 'Hermes' into where do we write the user, usuario enters 'diaz' into where do we write the user, usuario enters 'hermeci5645sadfsad6agdfgz12@hotmail.com' into where do we write the user, usuario selects index 5 in Button to confirm login, usuario selects index 28 in Button to confirm login, usuario select 1997 on Button to confirm login, usuario clicks on Button to confirm login, usuario enters 'Villavicencio' into where do we write the user, usuario types 'DOWN' in where do we write the user, usuario types 'ENTER' in where do we write the user, usuario enters '500001' into where do we write the user, usuario clicks on Button to confirm login, usuario enters 'brazil' into Caja de texto, usuario types 'ENTER' in Caja de texto, usuario clicks on Button to confirm login], Usuario open device form [usuario clicks on locate field to write computer s.o, usuario enters 'Windows' into locate field to write computer s.o, usuario types 'DOWN' in locate field to write computer s.o, usuario types 'ENTER' in locate field to write computer s.o, usuario clicks on locate field to write computer s.o, usuario enters '7' into locate field to write version s.o, usuario types 'DOWN' in locate field to write version s.o, usuario types 'ENTER' in locate field to write version s.o, usuario clicks on locate field to write language PC, usuario enters 'spanish' into locate field to write Language PC, usuario types 'DOWN' in locate field to write Language PC, usuario types 'ENTER' in locate field to write Language PC, usuario clicks on locate field to write mobile device, usuario enters 'Alcatel' into locate field to write mobile device, usuario types 'DOWN' in locate field to write mobile device, usuario types 'ENTER' in locate field to write mobile device, usuario clicks on locate field to write model device, usuario enters 'MD01' into locate field to write model device, usuario types 'DOWN' in locate field to write model device, usuario types 'ENTER' in locate field to write model device, usuario clicks on locate field to write mobile device os, usuario enters 'Android 2.0' into locate field to write mobile device os, usuario types 'DOWN' in locate field to write mobile device os, usuario types 'ENTER' in locate field to write mobile device os, usuario clicks on locate button to next stepFour, last step], Usuario open password form [usuario enters 'HermesDiaz19970528' into locate input to write password, usuario enters 'HermesDiaz19970528' into locate input to write confirm password, usuario clicks on locate checkbox to accept receive info, usuario clicks on locate checkbox to accept terms use, usuario clicks on locate checkbox to accept privacy and security policy, usuario clicks on locate button finish signup process]], Then a new user account must be created]]
[Test worker] WARN net.thucydides.core.steps.BaseStepListener - Final testOutcomes: [Simple google search:Example: {strNombre=Hermes, strApellido=diaz, strEmail=hermeci5645sadfsad6agdfgz12@hotmail.com, strMes=5, strDia=28, strAno=1997, strCiudad=Villavicencio, strCodigoPostal=500001, strPais=brazil, strComputer=Windows, strVersion=7, strLanguagePc=spanish, strMobileDevice=Alcatel, strModel=MD01, strOS=Android 2.0, strPassword=HermesDiaz19970528} [Given a web browser on the uTest page [Usuario open up [usuario opens the Choucair utest page], Usuario open sing up form [usuario clicks on Button that shows us the form to register]], When you click on the Joid Today option and the information is filled out
| strNombre | strApellido | strEmail | strMes | strDia | strAno | strCiudad | strCodigoPostal | strPais | strComputer | strVersion | strLanguagePc | strMobileDevice | strModel | strOS | strPassword |
| Hermes | diaz | hermeci5645sadfsad6agdfgz12@hotmail.com | 5 | 28 | 1997 | Villavicencio | 500001 | brazil | Windows | 7 | spanish | Alcatel | MD01 | Android 2.0 | HermesDiaz19970528 | [Usuario open personal form [usuario enters 'Hermes' into where do we write the user, usuario enters 'diaz' into where do we write the user, usuario enters 'hermeci5645sadfsad6agdfgz12@hotmail.com' into where do we write the user, usuario selects index 5 in Button to confirm login, usuario selects index 28 in Button to confirm login, usuario select 1997 on Button to confirm login, usuario clicks on Button to confirm login, usuario enters 'Villavicencio' into where do we write the user, usuario types 'DOWN' in where do we write the user, usuario types 'ENTER' in where do we write the user, usuario enters '500001' into where do we write the user, usuario clicks on Button to confirm login, usuario enters 'brazil' into Caja de texto, usuario types 'ENTER' in Caja de texto, usuario clicks on Button to confirm login], Usuario open device form [usuario clicks on locate field to write computer s.o, usuario enters 'Windows' into locate field to write computer s.o, usuario types 'DOWN' in locate field to write computer s.o, usuario types 'ENTER' in locate field to write computer s.o, usuario clicks on locate field to write computer s.o, usuario enters '7' into locate field to write version s.o, usuario types 'DOWN' in locate field to write version s.o, usuario types 'ENTER' in locate field to write version s.o, usuario clicks on locate field to write language PC, usuario enters 'spanish' into locate field to write Language PC, usuario types 'DOWN' in locate field to write Language PC, usuario types 'ENTER' in locate field to write Language PC, usuario clicks on locate field to write mobile device, usuario enters 'Alcatel' into locate field to write mobile device, usuario types 'DOWN' in locate field to write mobile device, usuario types 'ENTER' in locate field to write mobile device, usuario clicks on locate field to write model device, usuario enters 'MD01' into locate field to write model device, usuario types 'DOWN' in locate field to write model device, usuario types 'ENTER' in locate field to write model device, usuario clicks on locate field to write mobile device os, usuario enters 'Android 2.0' into locate field to write mobile device os, usuario types 'DOWN' in locate field to write mobile device os, usuario types 'ENTER' in locate field to write mobile device os, usuario clicks on locate button to next stepFour, last step], Usuario open password form [usuario enters 'HermesDiaz19970528' into locate input to write password, usuario enters 'HermesDiaz19970528' into locate input to write confirm password, usuario clicks on locate checkbox to accept receive info, usuario clicks on locate checkbox to accept terms use, usuario clicks on locate checkbox to accept privacy and security policy, usuario clicks on locate button finish signup process]], Then a new user account must be created]]
[Test worker] INFO net.thucydides.core.steps.ConsoleLoggingListener - 
        __    _____ _____ ____ _____   ____   _    ____  ____  _____ ____  
  _     \ \  |_   _| ____/ ___|_   _| |  _ \ / \  / ___|/ ___|| ____|  _ \ 
 (_)_____| |   | | |  _| \___ \ | |   | |_) / _ \ \___ \\___ \|  _| | | | |
  _|_____| |   | | | |___ ___) || |   |  __/ ___ \ ___) |___) | |___| |_| |
 (_)     | |   |_| |_____|____/ |_|   |_| /_/   \_\____/|____/|_____|____/ 
        /_/                                                                

TEST PASSED: Simple google search
----------------------------------------------------------------------------
[pool-2-thread-1] INFO net.thucydides.core.requirements.PackageRequirementsTagProvider - Loading requirements from package requirements at: net.thucydides.showcase.cucumber.junit
]]></system-err>
</testsuite>
